#
# There is insufficient memory for the Java Runtime Environment to continue.
# Native memory allocation (malloc) failed to allocate 1268256 bytes for Chunk::new
# Possible reasons:
#   The system is out of physical RAM or swap space
#   The process is running with CompressedOops enabled, and the Java Heap may be blocking the growth of the native heap
# Possible solutions:
#   Reduce memory load on the system
#   Increase physical memory or swap space
#   Check if swap backing store is full
#   Decrease Java heap size (-Xmx/-Xms)
#   Decrease number of Java threads
#   Decrease Java thread stack sizes (-Xss)
#   Set larger code cache with -XX:ReservedCodeCacheSize=
#   JVM is running with Unscaled Compressed Oops mode in which the Java heap is
#     placed in the first 4GB address space. The Java Heap base address is the
#     maximum limit for the native heap growth. Please use -XX:HeapBaseMinAddress
#     to set the Java Heap base and to place the Java Heap above 4GB virtual address.
# This output file may be truncated or incomplete.
#
#  Out of Memory Error (arena.cpp:184), pid=23468, tid=21376
#
# JRE version: Java(TM) SE Runtime Environment (19.0.2+7) (build 19.0.2+7-44)
# Java VM: Java HotSpot(TM) 64-Bit Server VM (19.0.2+7-44, mixed mode, sharing, tiered, compressed oops, compressed class ptrs, g1 gc, windows-amd64)
# No core dump will be written. Minidumps are not enabled by default on client versions of Windows
#

---------------  S U M M A R Y ------------

Command Line: -javaagent:C:\Program Files\JetBrains\IntelliJ IDEA Community Edition 2022.3.2\lib\idea_rt.jar=56859:C:\Program Files\JetBrains\IntelliJ IDEA Community Edition 2022.3.2\bin -Dfile.encoding=UTF-8 -Dsun.stdout.encoding=UTF-8 -Dsun.stderr.encoding=UTF-8 com.example.demo.DemoApplication

Host: 11th Gen Intel(R) Core(TM) i5-1135G7 @ 2.40GHz, 8 cores, 7G,  Windows 11 , 64 bit Build 22621 (10.0.22621.3527)
Time: Tue Jun  4 13:03:21 2024 Sri Lanka Standard Time elapsed time: 8908.116752 seconds (0d 2h 28m 28s)

---------------  T H R E A D  ---------------

Current thread (0x000001ecf0421870):  JavaThread "C2 CompilerThread0" daemon [_thread_in_native, id=21376, stack(0x000000eab6d00000,0x000000eab6e00000)]


Current CompileTask:
C2:8908116 16379       4       org.hibernate.query.sqm.internal.QuerySqmImpl::<init> (362 bytes)

Stack: [0x000000eab6d00000,0x000000eab6e00000]
Native frames: (J=compiled Java code, j=interpreted, Vv=VM code, C=native code)
V  [jvm.dll+0x6ee21a]
V  [jvm.dll+0x85765e]
V  [jvm.dll+0x85904e]
V  [jvm.dll+0x859703]
V  [jvm.dll+0x28298f]
V  [jvm.dll+0xc9adf]
V  [jvm.dll+0xc9e65]
V  [jvm.dll+0x2f7caf]
V  [jvm.dll+0x5f076b]
V  [jvm.dll+0x255483]
V  [jvm.dll+0x24dd00]
V  [jvm.dll+0x24b673]
V  [jvm.dll+0x1d6ce1]
V  [jvm.dll+0x25b25a]
V  [jvm.dll+0x2596e8]
V  [jvm.dll+0x807588]
V  [jvm.dll+0x80125a]
V  [jvm.dll+0x6ecf0b]
C  [ucrtbase.dll+0x29333]
C  [KERNEL32.DLL+0x1257d]
C  [ntdll.dll+0x5aa48]


---------------  P R O C E S S  ---------------

Threads class SMR info:
_java_thread_list=0x000001ecf3ca0d70, length=30, elements={
0x000001ecebed63b0, 0x000001ecebed7340, 0x000001ecebed9ed0, 0x000001ecebedbd00,
0x000001ecebedcaf0, 0x000001ecebedfa90, 0x000001ecf0421870, 0x000001ecebef36a0,
0x000001ecebef63f0, 0x000001ecf051e6e0, 0x000001ecf051cc50, 0x000001ecf051e190,
0x000001ecf051c1b0, 0x000001ecf051ec30, 0x000001ecf051b710, 0x000001ecf051bc60,
0x000001ecf051c700, 0x000001ecf268f040, 0x000001ecf2693000, 0x000001ecf2690030,
0x000001ecf2690ad0, 0x000001ecf268fae0, 0x000001ecf2693aa0, 0x000001ecf2691570,
0x000001ecf2690580, 0x000001ecf268eaf0, 0x000001ecf268d060, 0x000001ecf2691ac0,
0x000001ecf268d5b0, 0x000001ecf268db00
}

Java Threads: ( => current thread )
  0x000001ecebed63b0 JavaThread "Reference Handler" daemon [_thread_blocked, id=2292, stack(0x000000eab6700000,0x000000eab6800000)]
  0x000001ecebed7340 JavaThread "Finalizer" daemon [_thread_blocked, id=49344, stack(0x000000eab6800000,0x000000eab6900000)]
  0x000001ecebed9ed0 JavaThread "Signal Dispatcher" daemon [_thread_blocked, id=27332, stack(0x000000eab6900000,0x000000eab6a00000)]
  0x000001ecebedbd00 JavaThread "Attach Listener" daemon [_thread_blocked, id=27420, stack(0x000000eab6a00000,0x000000eab6b00000)]
  0x000001ecebedcaf0 JavaThread "Service Thread" daemon [_thread_blocked, id=47324, stack(0x000000eab6b00000,0x000000eab6c00000)]
  0x000001ecebedfa90 JavaThread "Monitor Deflation Thread" daemon [_thread_blocked, id=19676, stack(0x000000eab6c00000,0x000000eab6d00000)]
=>0x000001ecf0421870 JavaThread "C2 CompilerThread0" daemon [_thread_in_native, id=21376, stack(0x000000eab6d00000,0x000000eab6e00000)]
  0x000001ecebef36a0 JavaThread "C1 CompilerThread0" daemon [_thread_blocked, id=1156, stack(0x000000eab6e00000,0x000000eab6f00000)]
  0x000001ecebef63f0 JavaThread "Sweeper thread" daemon [_thread_blocked, id=48456, stack(0x000000eab6f00000,0x000000eab7000000)]
  0x000001ecf051e6e0 JavaThread "Common-Cleaner" daemon [_thread_blocked, id=16088, stack(0x000000eab7000000,0x000000eab7100000)]
  0x000001ecf051cc50 JavaThread "Monitor Ctrl-Break" daemon [_thread_in_native, id=28940, stack(0x000000eab7200000,0x000000eab7300000)]
  0x000001ecf051e190 JavaThread "Notification Thread" daemon [_thread_blocked, id=24876, stack(0x000000eab7300000,0x000000eab7400000)]
  0x000001ecf051c1b0 JavaThread "mysql-cj-abandoned-connection-cleanup" daemon [_thread_blocked, id=42552, stack(0x000000eab7d00000,0x000000eab7e00000)]
  0x000001ecf051ec30 JavaThread "HikariPool-1 housekeeper" daemon [_thread_blocked, id=43948, stack(0x000000eab7f00000,0x000000eab8000000)]
  0x000001ecf051b710 JavaThread "Catalina-utility-1" [_thread_blocked, id=47620, stack(0x000000eab8100000,0x000000eab8200000)]
  0x000001ecf051bc60 JavaThread "Catalina-utility-2" [_thread_blocked, id=51704, stack(0x000000eab8200000,0x000000eab8300000)]
  0x000001ecf051c700 JavaThread "container-0" [_thread_blocked, id=51720, stack(0x000000eab8300000,0x000000eab8400000)]
  0x000001ecf268f040 JavaThread "http-nio-8080-exec-1" daemon [_thread_blocked, id=50072, stack(0x000000eab8000000,0x000000eab8100000)]
  0x000001ecf2693000 JavaThread "http-nio-8080-exec-2" daemon [_thread_blocked, id=28664, stack(0x000000eab8400000,0x000000eab8500000)]
  0x000001ecf2690030 JavaThread "http-nio-8080-exec-3" daemon [_thread_blocked, id=50092, stack(0x000000eab8500000,0x000000eab8600000)]
  0x000001ecf2690ad0 JavaThread "http-nio-8080-exec-4" daemon [_thread_blocked, id=48260, stack(0x000000eab8600000,0x000000eab8700000)]
  0x000001ecf268fae0 JavaThread "http-nio-8080-exec-5" daemon [_thread_blocked, id=10640, stack(0x000000eab8700000,0x000000eab8800000)]
  0x000001ecf2693aa0 JavaThread "http-nio-8080-exec-6" daemon [_thread_blocked, id=14828, stack(0x000000eab8800000,0x000000eab8900000)]
  0x000001ecf2691570 JavaThread "http-nio-8080-exec-7" daemon [_thread_in_native, id=9312, stack(0x000000eab8900000,0x000000eab8a00000)]
  0x000001ecf2690580 JavaThread "http-nio-8080-exec-8" daemon [_thread_blocked, id=46136, stack(0x000000eab8a00000,0x000000eab8b00000)]
  0x000001ecf268eaf0 JavaThread "http-nio-8080-exec-9" daemon [_thread_blocked, id=33428, stack(0x000000eab8b00000,0x000000eab8c00000)]
  0x000001ecf268d060 JavaThread "http-nio-8080-exec-10" daemon [_thread_blocked, id=31132, stack(0x000000eab8c00000,0x000000eab8d00000)]
  0x000001ecf2691ac0 JavaThread "http-nio-8080-Poller" daemon [_thread_in_native, id=9468, stack(0x000000eab8d00000,0x000000eab8e00000)]
  0x000001ecf268d5b0 JavaThread "http-nio-8080-Acceptor" daemon [_thread_in_native, id=17432, stack(0x000000eab8e00000,0x000000eab8f00000)]
  0x000001ecf268db00 JavaThread "DestroyJavaVM" [_thread_blocked, id=34916, stack(0x000000eab6000000,0x000000eab6100000)]

Other Threads:
  0x000001ecebec2470 VMThread "VM Thread" [stack: 0x000000eab6600000,0x000000eab6700000] [id=3240]
  0x000001ecf0755900 WatcherThread "VM Periodic Task Thread" [stack: 0x000000eab7400000,0x000000eab7500000] [id=21812]
  0x000001eccd36fd30 WorkerThread "GC Thread#0" [stack: 0x000000eab6100000,0x000000eab6200000] [id=28468]
  0x000001ecf1216400 WorkerThread "GC Thread#1" [stack: 0x000000eab7500000,0x000000eab7600000] [id=20644]
  0x000001ecf11ef3a0 WorkerThread "GC Thread#2" [stack: 0x000000eab7600000,0x000000eab7700000] [id=40212]
  0x000001ecf12348a0 WorkerThread "GC Thread#3" [stack: 0x000000eab7700000,0x000000eab7800000] [id=28036]
  0x000001ecf1237790 WorkerThread "GC Thread#4" [stack: 0x000000eab7800000,0x000000eab7900000] [id=41592]
  0x000001ecf1238b90 WorkerThread "GC Thread#5" [stack: 0x000000eab7900000,0x000000eab7a00000] [id=43620]
  0x000001ecf12385f0 WorkerThread "GC Thread#6" [stack: 0x000000eab7b00000,0x000000eab7c00000] [id=41600]
  0x000001ecf12388c0 WorkerThread "GC Thread#7" [stack: 0x000000eab7c00000,0x000000eab7d00000] [id=47720]
  0x000001eccd3806f0 ConcurrentGCThread "G1 Main Marker" [stack: 0x000000eab6200000,0x000000eab6300000] [id=3484]
  0x000001eccd3818d0 WorkerThread "G1 Conc#0" [stack: 0x000000eab6300000,0x000000eab6400000] [id=37836]
  0x000001ecf1237ab0 WorkerThread "G1 Conc#1" [stack: 0x000000eab7a00000,0x000000eab7b00000] [id=47504]
  0x000001ecebd7e180 ConcurrentGCThread "G1 Refine#0" [stack: 0x000000eab6400000,0x000000eab6500000] [id=51396]
  0x000001ecebd7ecc0 ConcurrentGCThread "G1 Service" [stack: 0x000000eab6500000,0x000000eab6600000] [id=39704]

Threads with active compile tasks:
C2 CompilerThread0  8908178 16379       4       org.hibernate.query.sqm.internal.QuerySqmImpl::<init> (362 bytes)

VM state: not at safepoint (normal execution)

VM Mutex/Monitor currently owned by a thread: None

Heap address: 0x0000000083a00000, size: 1990 MB, Compressed Oops mode: 32-bit

CDS archive(s) mapped at: [0x0000000800000000-0x0000000800c40000-0x0000000800c40000), size 12845056, SharedBaseAddress: 0x0000000800000000, ArchiveRelocationMode: 0.
Compressed class space mapped at: 0x0000000801000000-0x0000000841000000, reserved size: 1073741824
Narrow klass base: 0x0000000800000000, Narrow klass shift: 0, Narrow klass range: 0x100000000

GC Precious Log:
 CardTable entry size: 512
 Card Set container configuration: InlinePtr #cards 5 size 8 Array Of Cards #cards 12 size 40 Howl #buckets 4 coarsen threshold 1843 Howl Bitmap #cards 512 size 80 coarsen threshold 460 Card regions per heap region 1 cards per card region 2048
 CPUs: 8 total, 8 available
 Memory: 7959M
 Large Page Support: Disabled
 NUMA Support: Disabled
 Compressed Oops: Enabled (32-bit)
 Heap Region Size: 1M
 Heap Min Capacity: 8M
 Heap Initial Capacity: 126M
 Heap Max Capacity: 1990M
 Pre-touch: Disabled
 Parallel Workers: 8
 Concurrent Workers: 2
 Concurrent Refinement Workers: 8
 Periodic GC: Disabled

Heap:
 garbage-first heap   total 122880K, used 86070K [0x0000000083a00000, 0x0000000100000000)
  region size 1024K, 53 young (54272K), 1 survivors (1024K)
 Metaspace       used 86681K, committed 87424K, reserved 1179648K
  class space    used 10967K, committed 11392K, reserved 1048576K

Heap Regions: E=young(eden), S=young(survivor), O=old, HS=humongous(starts), HC=humongous(continues), CS=collection set, F=free, OA=open archive, CA=closed archive, TAMS=top-at-mark-start (previous, next)
|   0|0x0000000083a00000, 0x0000000083b00000, 0x0000000083b00000|100%|HS|  |TAMS 0x0000000083b00000, 0x0000000083a00000| Complete 
|   1|0x0000000083b00000, 0x0000000083c00000, 0x0000000083c00000|100%| O|  |TAMS 0x0000000083c00000, 0x0000000083b00000| Untracked 
|   2|0x0000000083c00000, 0x0000000083d00000, 0x0000000083d00000|100%| O|  |TAMS 0x0000000083d00000, 0x0000000083c00000| Untracked 
|   3|0x0000000083d00000, 0x0000000083e00000, 0x0000000083e00000|100%| O|  |TAMS 0x0000000083e00000, 0x0000000083d00000| Untracked 
|   4|0x0000000083e00000, 0x0000000083f00000, 0x0000000083f00000|100%| O|  |TAMS 0x0000000083f00000, 0x0000000083e00000| Untracked 
|   5|0x0000000083f00000, 0x0000000084000000, 0x0000000084000000|100%| O|  |TAMS 0x0000000084000000, 0x0000000083f00000| Untracked 
|   6|0x0000000084000000, 0x0000000084100000, 0x0000000084100000|100%| O|  |TAMS 0x0000000084100000, 0x0000000084000000| Untracked 
|   7|0x0000000084100000, 0x0000000084200000, 0x0000000084200000|100%| O|  |TAMS 0x0000000084200000, 0x0000000084100000| Untracked 
|   8|0x0000000084200000, 0x0000000084300000, 0x0000000084300000|100%| O|  |TAMS 0x0000000084300000, 0x0000000084200000| Untracked 
|   9|0x0000000084300000, 0x0000000084400000, 0x0000000084400000|100%| O|  |TAMS 0x0000000084400000, 0x0000000084300000| Untracked 
|  10|0x0000000084400000, 0x0000000084500000, 0x0000000084500000|100%| O|  |TAMS 0x0000000084500000, 0x0000000084400000| Untracked 
|  11|0x0000000084500000, 0x0000000084600000, 0x0000000084600000|100%| O|  |TAMS 0x0000000084600000, 0x0000000084500000| Untracked 
|  12|0x0000000084600000, 0x0000000084700000, 0x0000000084700000|100%| O|  |TAMS 0x0000000084700000, 0x0000000084600000| Untracked 
|  13|0x0000000084700000, 0x0000000084800000, 0x0000000084800000|100%| O|  |TAMS 0x0000000084800000, 0x0000000084700000| Untracked 
|  14|0x0000000084800000, 0x0000000084900000, 0x0000000084900000|100%| O|  |TAMS 0x0000000084900000, 0x0000000084800000| Untracked 
|  15|0x0000000084900000, 0x0000000084a00000, 0x0000000084a00000|100%| O|  |TAMS 0x0000000084a00000, 0x0000000084900000| Untracked 
|  16|0x0000000084a00000, 0x0000000084b00000, 0x0000000084b00000|100%| O|  |TAMS 0x0000000084b00000, 0x0000000084a00000| Untracked 
|  17|0x0000000084b00000, 0x0000000084c00000, 0x0000000084c00000|100%| O|  |TAMS 0x0000000084c00000, 0x0000000084b00000| Untracked 
|  18|0x0000000084c00000, 0x0000000084d00000, 0x0000000084d00000|100%| O|  |TAMS 0x0000000084d00000, 0x0000000084c00000| Untracked 
|  19|0x0000000084d00000, 0x0000000084e00000, 0x0000000084e00000|100%| O|  |TAMS 0x0000000084e00000, 0x0000000084d00000| Untracked 
|  20|0x0000000084e00000, 0x0000000084f00000, 0x0000000084f00000|100%| O|  |TAMS 0x0000000084f00000, 0x0000000084e00000| Untracked 
|  21|0x0000000084f00000, 0x0000000085000000, 0x0000000085000000|100%| O|  |TAMS 0x0000000085000000, 0x0000000084f00000| Untracked 
|  22|0x0000000085000000, 0x0000000085100000, 0x0000000085100000|100%| O|  |TAMS 0x0000000085100000, 0x0000000085000000| Untracked 
|  23|0x0000000085100000, 0x0000000085200000, 0x0000000085200000|100%| O|  |TAMS 0x0000000085200000, 0x0000000085100000| Untracked 
|  24|0x0000000085200000, 0x0000000085300000, 0x0000000085300000|100%| O|  |TAMS 0x0000000085300000, 0x0000000085200000| Untracked 
|  25|0x0000000085300000, 0x0000000085400000, 0x0000000085400000|100%| O|  |TAMS 0x0000000085400000, 0x0000000085300000| Untracked 
|  26|0x0000000085400000, 0x0000000085500000, 0x0000000085500000|100%| O|  |TAMS 0x0000000085500000, 0x0000000085400000| Untracked 
|  27|0x0000000085500000, 0x0000000085600000, 0x0000000085600000|100%| O|  |TAMS 0x0000000085600000, 0x0000000085500000| Untracked 
|  28|0x0000000085600000, 0x0000000085700000, 0x0000000085700000|100%| O|  |TAMS 0x0000000085700000, 0x0000000085600000| Untracked 
|  29|0x0000000085700000, 0x0000000085800000, 0x0000000085800000|100%| O|  |TAMS 0x0000000085800000, 0x0000000085700000| Untracked 
|  30|0x0000000085800000, 0x0000000085800000, 0x0000000085900000|  0%| F|  |TAMS 0x0000000085800000, 0x0000000085800000| Untracked 
|  31|0x0000000085900000, 0x0000000085989c00, 0x0000000085a00000| 53%| O|  |TAMS 0x0000000085980a00, 0x0000000085900000| Complete 
|  32|0x0000000085a00000, 0x0000000085a00000, 0x0000000085b00000|  0%| F|  |TAMS 0x0000000085a00000, 0x0000000085a00000| Untracked 
|  33|0x0000000085b00000, 0x0000000085b00000, 0x0000000085c00000|  0%| F|  |TAMS 0x0000000085b00000, 0x0000000085b00000| Untracked 
|  34|0x0000000085c00000, 0x0000000085d00000, 0x0000000085d00000|100%| O|  |TAMS 0x0000000085d00000, 0x0000000085c00000| Untracked 
|  35|0x0000000085d00000, 0x0000000085d00000, 0x0000000085e00000|  0%| F|  |TAMS 0x0000000085d00000, 0x0000000085d00000| Untracked 
|  36|0x0000000085e00000, 0x0000000085f00000, 0x0000000085f00000|100%| O|  |TAMS 0x0000000085f00000, 0x0000000085e00000| Untracked 
|  37|0x0000000085f00000, 0x0000000086000000, 0x0000000086000000|100%| O|  |TAMS 0x0000000086000000, 0x0000000085f00000| Untracked 
|  38|0x0000000086000000, 0x0000000086000000, 0x0000000086100000|  0%| F|  |TAMS 0x0000000086000000, 0x0000000086000000| Untracked 
|  39|0x0000000086100000, 0x0000000086100000, 0x0000000086200000|  0%| F|  |TAMS 0x0000000086100000, 0x0000000086100000| Untracked 
|  40|0x0000000086200000, 0x0000000086200000, 0x0000000086300000|  0%| F|  |TAMS 0x0000000086200000, 0x0000000086200000| Untracked 
|  41|0x0000000086300000, 0x0000000086300000, 0x0000000086400000|  0%| F|  |TAMS 0x0000000086300000, 0x0000000086300000| Untracked 
|  42|0x0000000086400000, 0x0000000086400000, 0x0000000086500000|  0%| F|  |TAMS 0x0000000086400000, 0x0000000086400000| Untracked 
|  43|0x0000000086500000, 0x0000000086500000, 0x0000000086600000|  0%| F|  |TAMS 0x0000000086500000, 0x0000000086500000| Untracked 
|  44|0x0000000086600000, 0x0000000086600000, 0x0000000086700000|  0%| F|  |TAMS 0x0000000086600000, 0x0000000086600000| Untracked 
|  45|0x0000000086700000, 0x0000000086700000, 0x0000000086800000|  0%| F|  |TAMS 0x0000000086700000, 0x0000000086700000| Untracked 
|  46|0x0000000086800000, 0x0000000086800000, 0x0000000086900000|  0%| F|  |TAMS 0x0000000086800000, 0x0000000086800000| Untracked 
|  47|0x0000000086900000, 0x0000000086983fd0, 0x0000000086a00000| 51%| S|CS|TAMS 0x0000000086900000, 0x0000000086900000| Complete 
|  48|0x0000000086a00000, 0x0000000086a00000, 0x0000000086b00000|  0%| F|  |TAMS 0x0000000086a00000, 0x0000000086a00000| Untracked 
|  49|0x0000000086b00000, 0x0000000086b00000, 0x0000000086c00000|  0%| F|  |TAMS 0x0000000086b00000, 0x0000000086b00000| Untracked 
|  50|0x0000000086c00000, 0x0000000086c00000, 0x0000000086d00000|  0%| F|  |TAMS 0x0000000086c00000, 0x0000000086c00000| Untracked 
|  51|0x0000000086d00000, 0x0000000086d00000, 0x0000000086e00000|  0%| F|  |TAMS 0x0000000086d00000, 0x0000000086d00000| Untracked 
|  52|0x0000000086e00000, 0x0000000086e00000, 0x0000000086f00000|  0%| F|  |TAMS 0x0000000086e00000, 0x0000000086e00000| Untracked 
|  53|0x0000000086f00000, 0x0000000086f00000, 0x0000000087000000|  0%| F|  |TAMS 0x0000000086f00000, 0x0000000086f00000| Untracked 
|  54|0x0000000087000000, 0x0000000087000000, 0x0000000087100000|  0%| F|  |TAMS 0x0000000087000000, 0x0000000087000000| Untracked 
|  55|0x0000000087100000, 0x0000000087100000, 0x0000000087200000|  0%| F|  |TAMS 0x0000000087100000, 0x0000000087100000| Untracked 
|  56|0x0000000087200000, 0x0000000087200000, 0x0000000087300000|  0%| F|  |TAMS 0x0000000087200000, 0x0000000087200000| Untracked 
|  57|0x0000000087300000, 0x0000000087300000, 0x0000000087400000|  0%| F|  |TAMS 0x0000000087300000, 0x0000000087300000| Untracked 
|  58|0x0000000087400000, 0x0000000087400000, 0x0000000087500000|  0%| F|  |TAMS 0x0000000087400000, 0x0000000087400000| Untracked 
|  59|0x0000000087500000, 0x0000000087500000, 0x0000000087600000|  0%| F|  |TAMS 0x0000000087500000, 0x0000000087500000| Untracked 
|  60|0x0000000087600000, 0x0000000087600000, 0x0000000087700000|  0%| F|  |TAMS 0x0000000087600000, 0x0000000087600000| Untracked 
|  61|0x0000000087700000, 0x0000000087700000, 0x0000000087800000|  0%| F|  |TAMS 0x0000000087700000, 0x0000000087700000| Untracked 
|  62|0x0000000087800000, 0x0000000087800000, 0x0000000087900000|  0%| F|  |TAMS 0x0000000087800000, 0x0000000087800000| Untracked 
|  63|0x0000000087900000, 0x0000000087900000, 0x0000000087a00000|  0%| F|  |TAMS 0x0000000087900000, 0x0000000087900000| Untracked 
|  64|0x0000000087a00000, 0x0000000087a00000, 0x0000000087b00000|  0%| F|  |TAMS 0x0000000087a00000, 0x0000000087a00000| Untracked 
|  65|0x0000000087b00000, 0x0000000087b00000, 0x0000000087c00000|  0%| F|  |TAMS 0x0000000087b00000, 0x0000000087b00000| Untracked 
|  66|0x0000000087c00000, 0x0000000087c00000, 0x0000000087d00000|  0%| F|  |TAMS 0x0000000087c00000, 0x0000000087c00000| Untracked 
|  67|0x0000000087d00000, 0x0000000087d00000, 0x0000000087e00000|  0%| F|  |TAMS 0x0000000087d00000, 0x0000000087d00000| Untracked 
|  68|0x0000000087e00000, 0x0000000087ede6d8, 0x0000000087f00000| 86%| E|  |TAMS 0x0000000087e00000, 0x0000000087e00000| Complete 
|  69|0x0000000087f00000, 0x0000000088000000, 0x0000000088000000|100%| E|CS|TAMS 0x0000000087f00000, 0x0000000087f00000| Complete 
|  70|0x0000000088000000, 0x0000000088100000, 0x0000000088100000|100%| E|CS|TAMS 0x0000000088000000, 0x0000000088000000| Complete 
|  71|0x0000000088100000, 0x0000000088200000, 0x0000000088200000|100%| E|  |TAMS 0x0000000088100000, 0x0000000088100000| Complete 
|  72|0x0000000088200000, 0x0000000088300000, 0x0000000088300000|100%| E|CS|TAMS 0x0000000088200000, 0x0000000088200000| Complete 
|  73|0x0000000088300000, 0x0000000088400000, 0x0000000088400000|100%| E|CS|TAMS 0x0000000088300000, 0x0000000088300000| Complete 
|  74|0x0000000088400000, 0x0000000088500000, 0x0000000088500000|100%| E|CS|TAMS 0x0000000088400000, 0x0000000088400000| Complete 
|  75|0x0000000088500000, 0x0000000088600000, 0x0000000088600000|100%| E|CS|TAMS 0x0000000088500000, 0x0000000088500000| Complete 
|  76|0x0000000088600000, 0x0000000088700000, 0x0000000088700000|100%| E|CS|TAMS 0x0000000088600000, 0x0000000088600000| Complete 
|  77|0x0000000088700000, 0x0000000088800000, 0x0000000088800000|100%| E|CS|TAMS 0x0000000088700000, 0x0000000088700000| Complete 
|  78|0x0000000088800000, 0x0000000088900000, 0x0000000088900000|100%| E|CS|TAMS 0x0000000088800000, 0x0000000088800000| Complete 
|  79|0x0000000088900000, 0x0000000088a00000, 0x0000000088a00000|100%| E|CS|TAMS 0x0000000088900000, 0x0000000088900000| Complete 
|  80|0x0000000088a00000, 0x0000000088b00000, 0x0000000088b00000|100%| E|CS|TAMS 0x0000000088a00000, 0x0000000088a00000| Complete 
|  81|0x0000000088b00000, 0x0000000088c00000, 0x0000000088c00000|100%| E|CS|TAMS 0x0000000088b00000, 0x0000000088b00000| Complete 
|  82|0x0000000088c00000, 0x0000000088d00000, 0x0000000088d00000|100%| E|CS|TAMS 0x0000000088c00000, 0x0000000088c00000| Complete 
|  83|0x0000000088d00000, 0x0000000088e00000, 0x0000000088e00000|100%| E|CS|TAMS 0x0000000088d00000, 0x0000000088d00000| Complete 
|  84|0x0000000088e00000, 0x0000000088f00000, 0x0000000088f00000|100%| E|CS|TAMS 0x0000000088e00000, 0x0000000088e00000| Complete 
|  85|0x0000000088f00000, 0x0000000089000000, 0x0000000089000000|100%| E|CS|TAMS 0x0000000088f00000, 0x0000000088f00000| Complete 
|  86|0x0000000089000000, 0x0000000089100000, 0x0000000089100000|100%| E|CS|TAMS 0x0000000089000000, 0x0000000089000000| Complete 
|  87|0x0000000089100000, 0x0000000089200000, 0x0000000089200000|100%| E|CS|TAMS 0x0000000089100000, 0x0000000089100000| Complete 
|  88|0x0000000089200000, 0x0000000089300000, 0x0000000089300000|100%| E|CS|TAMS 0x0000000089200000, 0x0000000089200000| Complete 
|  89|0x0000000089300000, 0x0000000089400000, 0x0000000089400000|100%| E|CS|TAMS 0x0000000089300000, 0x0000000089300000| Complete 
|  90|0x0000000089400000, 0x0000000089500000, 0x0000000089500000|100%| E|CS|TAMS 0x0000000089400000, 0x0000000089400000| Complete 
|  91|0x0000000089500000, 0x0000000089600000, 0x0000000089600000|100%| E|CS|TAMS 0x0000000089500000, 0x0000000089500000| Complete 
|  92|0x0000000089600000, 0x0000000089700000, 0x0000000089700000|100%| E|CS|TAMS 0x0000000089600000, 0x0000000089600000| Complete 
|  93|0x0000000089700000, 0x0000000089800000, 0x0000000089800000|100%| E|CS|TAMS 0x0000000089700000, 0x0000000089700000| Complete 
|  94|0x0000000089800000, 0x0000000089900000, 0x0000000089900000|100%| E|CS|TAMS 0x0000000089800000, 0x0000000089800000| Complete 
|  95|0x0000000089900000, 0x0000000089a00000, 0x0000000089a00000|100%| E|CS|TAMS 0x0000000089900000, 0x0000000089900000| Complete 
|  96|0x0000000089a00000, 0x0000000089b00000, 0x0000000089b00000|100%| E|CS|TAMS 0x0000000089a00000, 0x0000000089a00000| Complete 
|  97|0x0000000089b00000, 0x0000000089c00000, 0x0000000089c00000|100%| E|CS|TAMS 0x0000000089b00000, 0x0000000089b00000| Complete 
|  98|0x0000000089c00000, 0x0000000089d00000, 0x0000000089d00000|100%| E|CS|TAMS 0x0000000089c00000, 0x0000000089c00000| Complete 
|  99|0x0000000089d00000, 0x0000000089e00000, 0x0000000089e00000|100%| E|CS|TAMS 0x0000000089d00000, 0x0000000089d00000| Complete 
| 100|0x0000000089e00000, 0x0000000089f00000, 0x0000000089f00000|100%| E|CS|TAMS 0x0000000089e00000, 0x0000000089e00000| Complete 
| 101|0x0000000089f00000, 0x000000008a000000, 0x000000008a000000|100%| E|CS|TAMS 0x0000000089f00000, 0x0000000089f00000| Complete 
| 102|0x000000008a000000, 0x000000008a100000, 0x000000008a100000|100%| E|CS|TAMS 0x000000008a000000, 0x000000008a000000| Complete 
| 103|0x000000008a100000, 0x000000008a200000, 0x000000008a200000|100%| E|CS|TAMS 0x000000008a100000, 0x000000008a100000| Complete 
| 104|0x000000008a200000, 0x000000008a300000, 0x000000008a300000|100%| E|CS|TAMS 0x000000008a200000, 0x000000008a200000| Complete 
| 105|0x000000008a300000, 0x000000008a400000, 0x000000008a400000|100%| E|CS|TAMS 0x000000008a300000, 0x000000008a300000| Complete 
| 106|0x000000008a400000, 0x000000008a500000, 0x000000008a500000|100%| E|CS|TAMS 0x000000008a400000, 0x000000008a400000| Complete 
| 107|0x000000008a500000, 0x000000008a600000, 0x000000008a600000|100%| E|CS|TAMS 0x000000008a500000, 0x000000008a500000| Complete 
| 108|0x000000008a600000, 0x000000008a700000, 0x000000008a700000|100%| E|CS|TAMS 0x000000008a600000, 0x000000008a600000| Complete 
| 109|0x000000008a700000, 0x000000008a800000, 0x000000008a800000|100%| E|CS|TAMS 0x000000008a700000, 0x000000008a700000| Complete 
| 110|0x000000008a800000, 0x000000008a900000, 0x000000008a900000|100%| E|CS|TAMS 0x000000008a800000, 0x000000008a800000| Complete 
| 111|0x000000008a900000, 0x000000008aa00000, 0x000000008aa00000|100%| E|CS|TAMS 0x000000008a900000, 0x000000008a900000| Complete 
| 112|0x000000008aa00000, 0x000000008ab00000, 0x000000008ab00000|100%| E|CS|TAMS 0x000000008aa00000, 0x000000008aa00000| Complete 
| 113|0x000000008ab00000, 0x000000008ac00000, 0x000000008ac00000|100%| E|CS|TAMS 0x000000008ab00000, 0x000000008ab00000| Complete 
| 114|0x000000008ac00000, 0x000000008ad00000, 0x000000008ad00000|100%| E|CS|TAMS 0x000000008ac00000, 0x000000008ac00000| Complete 
| 115|0x000000008ad00000, 0x000000008ae00000, 0x000000008ae00000|100%| E|CS|TAMS 0x000000008ad00000, 0x000000008ad00000| Complete 
| 116|0x000000008ae00000, 0x000000008af00000, 0x000000008af00000|100%| E|CS|TAMS 0x000000008ae00000, 0x000000008ae00000| Complete 
| 117|0x000000008af00000, 0x000000008b000000, 0x000000008b000000|100%| E|CS|TAMS 0x000000008af00000, 0x000000008af00000| Complete 
| 118|0x000000008b000000, 0x000000008b100000, 0x000000008b100000|100%| E|CS|TAMS 0x000000008b000000, 0x000000008b000000| Complete 
| 173|0x000000008e700000, 0x000000008e800000, 0x000000008e800000|100%| E|CS|TAMS 0x000000008e700000, 0x000000008e700000| Complete 

Card table byte_map: [0x000001ece5100000,0x000001ece54f0000] _byte_map_base: 0x000001ece4ce3000

Marking Bits (Prev, Next): (CMBitMap*) 0x000001eccd370360, (CMBitMap*) 0x000001eccd3703a0
 Prev Bits: [0x000001ece58e0000, 0x000001ece77f8000)
 Next Bits: [0x000001ece7800000, 0x000001ece9718000)

Polling page: 0x000001eccd3a0000

Metaspace:

Usage:
  Non-class:     73.94 MB used.
      Class:     10.71 MB used.
       Both:     84.65 MB used.

Virtual space:
  Non-class space:      128.00 MB reserved,      74.25 MB ( 58%) committed,  2 nodes.
      Class space:        1.00 GB reserved,      11.12 MB (  1%) committed,  1 nodes.
             Both:        1.12 GB reserved,      85.38 MB (  7%) committed. 

Chunk freelists:
   Non-Class:  1.63 MB
       Class:  1.02 MB
        Both:  2.65 MB

MaxMetaspaceSize: unlimited
CompressedClassSpaceSize: 1.00 GB
Initial GC threshold: 21.00 MB
Current GC threshold: 142.31 MB
CDS: on
MetaspaceReclaimPolicy: balanced
 - commit_granule_bytes: 65536.
 - commit_granule_words: 8192.
 - virtual_space_node_default_size: 8388608.
 - enlarge_chunks_in_place: 1.
 - new_chunks_are_fully_committed: 0.
 - uncommit_free_chunks: 1.
 - use_allocation_guard: 0.


Internal statistics:

num_allocs_failed_limit: 12.
num_arena_births: 1368.
num_arena_deaths: 346.
num_vsnodes_births: 3.
num_vsnodes_deaths: 0.
num_space_committed: 1366.
num_space_uncommitted: 0.
num_chunks_returned_to_freelist: 361.
num_chunks_taken_from_freelist: 4590.
num_chunk_merges: 87.
num_chunk_splits: 3254.
num_chunks_enlarged: 2565.
num_inconsistent_stats: 0.

CodeHeap 'non-profiled nmethods': size=120000Kb used=14505Kb max_used=14505Kb free=105495Kb
 bounds [0x000001ecdcd80000, 0x000001ecddbb0000, 0x000001ece42b0000]
CodeHeap 'profiled nmethods': size=120000Kb used=20779Kb max_used=28478Kb free=99220Kb
 bounds [0x000001ecd52b0000, 0x000001ecd6e90000, 0x000001ecdc7e0000]
CodeHeap 'non-nmethods': size=5760Kb used=1509Kb max_used=1566Kb free=4250Kb
 bounds [0x000001ecdc7e0000, 0x000001ecdca50000, 0x000001ecdcd80000]
 total_blobs=13617 nmethods=12862 adapters=664
 compilation: enabled
              stopped_count=0, restarted_count=0
 full_count=0

Compilation events (20 events):
Event: 8906.368 Thread 0x000001ecf0421870 nmethod 16369 0x000001ecddb9ee10 code [0x000001ecddb9efa0, 0x000001ecddb9f158]
Event: 8906.368 Thread 0x000001ecf0421870 16370       4       org.hibernate.sql.results.internal.domain.CircularFetchImpl$$Lambda$1706/0x0000000801a9a7e8::get (16 bytes)
Event: 8906.370 Thread 0x000001ecebef36a0 16372       3       org.apache.coyote.RequestInfo::updateCounters (133 bytes)
Event: 8906.371 Thread 0x000001ecebef36a0 nmethod 16372 0x000001ecd5482210 code [0x000001ecd54823e0, 0x000001ecd5482758]
Event: 8906.381 Thread 0x000001ecf0421870 nmethod 16370 0x000001ecddb9f210 code [0x000001ecddb9f400, 0x000001ecddb9feb8]
Event: 8906.382 Thread 0x000001ecf0421870 16371       4       org.hibernate.sql.results.internal.domain.CircularFetchImpl::initializerFactory (71 bytes)
Event: 8906.391 Thread 0x000001ecf0421870 nmethod 16371 0x000001ecddba0510 code [0x000001ecddba0700, 0x000001ecddba11d8]
Event: 8906.391 Thread 0x000001ecf0421870 16373       4       org.hibernate.sql.results.internal.domain.CircularFetchImpl::createAssembler (44 bytes)
Event: 8906.394 Thread 0x000001ecf0421870 nmethod 16373 0x000001ecddba1810 code [0x000001ecddba19c0, 0x000001ecddba1d88]
Event: 8906.768 Thread 0x000001ecf0421870 16374       4       org.hibernate.query.sqm.sql.internal.SqmParameterInterpretation::<init> (120 bytes)
Event: 8906.771 Thread 0x000001ecf0421870 nmethod 16374 0x000001ecddba2090 code [0x000001ecddba2220, 0x000001ecddba24f8]
Event: 8907.875 Thread 0x000001ecf0421870 16375   !   4       org.apache.coyote.http11.Http11OutputBuffer::commit (111 bytes)
Event: 8907.884 Thread 0x000001ecf0421870 nmethod 16375 0x000001ecddba2610 code [0x000001ecddba2820, 0x000001ecddba3428]
Event: 8907.957 Thread 0x000001ecf0421870 16377   !   4       org.apache.coyote.http11.Http11Processor::service (1251 bytes)
Event: 8908.003 Thread 0x000001ecf0421870 nmethod 16377 0x000001ecddba4110 code [0x000001ecddba4660, 0x000001ecddba7050]
Event: 8908.003 Thread 0x000001ecf0421870 16376       4       org.apache.tomcat.util.net.NioEndpoint$NioSocketWrapper::getSslSupport (25 bytes)
Event: 8908.003 Thread 0x000001ecf0421870 nmethod 16376 0x000001ecddba9a10 code [0x000001ecddba9ba0, 0x000001ecddba9c58]
Event: 8908.003 Thread 0x000001ecf0421870 16378       4       org.apache.coyote.http11.Http11InputBuffer::init (72 bytes)
Event: 8908.005 Thread 0x000001ecf0421870 nmethod 16378 0x000001ecddba9d90 code [0x000001ecddba9f20, 0x000001ecddbaa218]
Event: 8908.040 Thread 0x000001ecf0421870 16379       4       org.hibernate.query.sqm.internal.QuerySqmImpl::<init> (362 bytes)

GC Heap History (20 events):
Event: 8889.310 GC heap before
{Heap before GC invocations=121 (full 0):
 garbage-first heap   total 122880K, used 106210K [0x0000000083a00000, 0x0000000100000000)
  region size 1024K, 72 young (73728K), 1 survivors (1024K)
 Metaspace       used 86671K, committed 87424K, reserved 1179648K
  class space    used 10966K, committed 11392K, reserved 1048576K
}
Event: 8889.313 GC heap after
{Heap after GC invocations=122 (full 0):
 garbage-first heap   total 147456K, used 34578K [0x0000000083a00000, 0x0000000100000000)
  region size 1024K, 1 young (1024K), 1 survivors (1024K)
 Metaspace       used 86671K, committed 87424K, reserved 1179648K
  class space    used 10966K, committed 11392K, reserved 1048576K
}
Event: 8893.520 GC heap before
{Heap before GC invocations=123 (full 0):
 garbage-first heap   total 126976K, used 108306K [0x0000000083a00000, 0x0000000100000000)
  region size 1024K, 74 young (75776K), 1 survivors (1024K)
 Metaspace       used 86677K, committed 87424K, reserved 1179648K
  class space    used 10966K, committed 11392K, reserved 1048576K
}
Event: 8893.522 GC heap after
{Heap after GC invocations=124 (full 0):
 garbage-first heap   total 126976K, used 34744K [0x0000000083a00000, 0x0000000100000000)
  region size 1024K, 1 young (1024K), 1 survivors (1024K)
 Metaspace       used 86677K, committed 87424K, reserved 1179648K
  class space    used 10966K, committed 11392K, reserved 1048576K
}
Event: 8893.658 GC heap before
{Heap before GC invocations=124 (full 0):
 garbage-first heap   total 126976K, used 39864K [0x0000000083a00000, 0x0000000100000000)
  region size 1024K, 6 young (6144K), 1 survivors (1024K)
 Metaspace       used 86677K, committed 87424K, reserved 1179648K
  class space    used 10966K, committed 11392K, reserved 1048576K
}
Event: 8893.660 GC heap after
{Heap after GC invocations=125 (full 0):
 garbage-first heap   total 126976K, used 34753K [0x0000000083a00000, 0x0000000100000000)
  region size 1024K, 1 young (1024K), 1 survivors (1024K)
 Metaspace       used 86677K, committed 87424K, reserved 1179648K
  class space    used 10966K, committed 11392K, reserved 1048576K
}
Event: 8895.976 GC heap before
{Heap before GC invocations=125 (full 0):
 garbage-first heap   total 126976K, used 108481K [0x0000000083a00000, 0x0000000100000000)
  region size 1024K, 74 young (75776K), 1 survivors (1024K)
 Metaspace       used 86678K, committed 87424K, reserved 1179648K
  class space    used 10966K, committed 11392K, reserved 1048576K
}
Event: 8895.978 GC heap after
{Heap after GC invocations=126 (full 0):
 garbage-first heap   total 126976K, used 34867K [0x0000000083a00000, 0x0000000100000000)
  region size 1024K, 1 young (1024K), 1 survivors (1024K)
 Metaspace       used 86678K, committed 87424K, reserved 1179648K
  class space    used 10966K, committed 11392K, reserved 1048576K
}
Event: 8898.334 GC heap before
{Heap before GC invocations=127 (full 0):
 garbage-first heap   total 126976K, used 108595K [0x0000000083a00000, 0x0000000100000000)
  region size 1024K, 74 young (75776K), 1 survivors (1024K)
 Metaspace       used 86678K, committed 87424K, reserved 1179648K
  class space    used 10966K, committed 11392K, reserved 1048576K
}
Event: 8898.335 GC heap after
{Heap after GC invocations=128 (full 0):
 garbage-first heap   total 126976K, used 34847K [0x0000000083a00000, 0x0000000100000000)
  region size 1024K, 1 young (1024K), 1 survivors (1024K)
 Metaspace       used 86678K, committed 87424K, reserved 1179648K
  class space    used 10966K, committed 11392K, reserved 1048576K
}
Event: 8898.480 GC heap before
{Heap before GC invocations=128 (full 0):
 garbage-first heap   total 126976K, used 39967K [0x0000000083a00000, 0x0000000100000000)
  region size 1024K, 6 young (6144K), 1 survivors (1024K)
 Metaspace       used 86678K, committed 87424K, reserved 1179648K
  class space    used 10966K, committed 11392K, reserved 1048576K
}
Event: 8898.482 GC heap after
{Heap after GC invocations=129 (full 0):
 garbage-first heap   total 126976K, used 34808K [0x0000000083a00000, 0x0000000100000000)
  region size 1024K, 1 young (1024K), 1 survivors (1024K)
 Metaspace       used 86678K, committed 87424K, reserved 1179648K
  class space    used 10966K, committed 11392K, reserved 1048576K
}
Event: 8900.843 GC heap before
{Heap before GC invocations=129 (full 0):
 garbage-first heap   total 126976K, used 108536K [0x0000000083a00000, 0x0000000100000000)
  region size 1024K, 74 young (75776K), 1 survivors (1024K)
 Metaspace       used 86678K, committed 87424K, reserved 1179648K
  class space    used 10966K, committed 11392K, reserved 1048576K
}
Event: 8900.845 GC heap after
{Heap after GC invocations=130 (full 0):
 garbage-first heap   total 126976K, used 34849K [0x0000000083a00000, 0x0000000100000000)
  region size 1024K, 1 young (1024K), 1 survivors (1024K)
 Metaspace       used 86678K, committed 87424K, reserved 1179648K
  class space    used 10966K, committed 11392K, reserved 1048576K
}
Event: 8903.600 GC heap before
{Heap before GC invocations=131 (full 0):
 garbage-first heap   total 122880K, used 106529K [0x0000000083a00000, 0x0000000100000000)
  region size 1024K, 72 young (73728K), 1 survivors (1024K)
 Metaspace       used 86678K, committed 87424K, reserved 1179648K
  class space    used 10966K, committed 11392K, reserved 1048576K
}
Event: 8903.601 GC heap after
{Heap after GC invocations=132 (full 0):
 garbage-first heap   total 122880K, used 34875K [0x0000000083a00000, 0x0000000100000000)
  region size 1024K, 1 young (1024K), 1 survivors (1024K)
 Metaspace       used 86678K, committed 87424K, reserved 1179648K
  class space    used 10966K, committed 11392K, reserved 1048576K
}
Event: 8904.574 GC heap before
{Heap before GC invocations=132 (full 0):
 garbage-first heap   total 122880K, used 39995K [0x0000000083a00000, 0x0000000100000000)
  region size 1024K, 6 young (6144K), 1 survivors (1024K)
 Metaspace       used 86679K, committed 87424K, reserved 1179648K
  class space    used 10967K, committed 11392K, reserved 1048576K
}
Event: 8904.576 GC heap after
{Heap after GC invocations=133 (full 0):
 garbage-first heap   total 122880K, used 34815K [0x0000000083a00000, 0x0000000100000000)
  region size 1024K, 1 young (1024K), 1 survivors (1024K)
 Metaspace       used 86679K, committed 87424K, reserved 1179648K
  class space    used 10967K, committed 11392K, reserved 1048576K
}
Event: 8906.864 GC heap before
{Heap before GC invocations=133 (full 0):
 garbage-first heap   total 122880K, used 106495K [0x0000000083a00000, 0x0000000100000000)
  region size 1024K, 72 young (73728K), 1 survivors (1024K)
 Metaspace       used 86679K, committed 87424K, reserved 1179648K
  class space    used 10967K, committed 11392K, reserved 1048576K
}
Event: 8906.866 GC heap after
{Heap after GC invocations=134 (full 0):
 garbage-first heap   total 122880K, used 34870K [0x0000000083a00000, 0x0000000100000000)
  region size 1024K, 1 young (1024K), 1 survivors (1024K)
 Metaspace       used 86679K, committed 87424K, reserved 1179648K
  class space    used 10967K, committed 11392K, reserved 1048576K
}

Dll operation events (14 events):
Event: 0.015 Loaded shared library C:\Program Files\Java\jdk-19\bin\java.dll
Event: 0.025 Loaded shared library C:\Program Files\Java\jdk-19\bin\jsvml.dll
Event: 0.131 Loaded shared library C:\Program Files\Java\jdk-19\bin\zip.dll
Event: 0.134 Loaded shared library C:\Program Files\Java\jdk-19\bin\instrument.dll
Event: 0.142 Loaded shared library C:\Program Files\Java\jdk-19\bin\net.dll
Event: 0.145 Loaded shared library C:\Program Files\Java\jdk-19\bin\nio.dll
Event: 0.148 Loaded shared library C:\Program Files\Java\jdk-19\bin\zip.dll
Event: 0.268 Loaded shared library C:\Program Files\JetBrains\IntelliJ IDEA Community Edition 2022.3.2\bin\breakgen64.dll
Event: 0.278 Loaded shared library C:\Program Files\Java\jdk-19\bin\extnet.dll
Event: 0.321 Loaded shared library C:\Program Files\Java\jdk-19\bin\jimage.dll
Event: 1.820 Loaded shared library C:\Program Files\Java\jdk-19\bin\sunmscapi.dll
Event: 3.541 Loaded shared library C:\Program Files\Java\jdk-19\bin\management.dll
Event: 3.544 Loaded shared library C:\Program Files\Java\jdk-19\bin\management_ext.dll
Event: 5.209 Loaded shared library C:\Program Files\Java\jdk-19\bin\verify.dll

Deoptimization events (20 events):
Event: 8889.484 Thread 0x000001ecf2691570 DEOPT PACKING pc=0x000001ecdd7e408c sp=0x000000eab89fc700
Event: 8889.484 Thread 0x000001ecf2691570 DEOPT UNPACKING pc=0x000001ecdc84a5a3 sp=0x000000eab89fc5d8 mode 2
Event: 8894.831 Thread 0x000001ecf2690580 Uncommon trap: trap_request=0xffffff45 fr.pc=0x000001ecdd7df71c relative=0x00000000000000dc
Event: 8894.831 Thread 0x000001ecf2690580 Uncommon trap: reason=unstable_if action=reinterpret pc=0x000001ecdd7df71c method=com.mysql.cj.protocol.a.NativeProtocol.getCommandBuilder()Lcom/mysql/cj/protocol/a/NativeMessageBuilder; @ 4 c2
Event: 8894.831 Thread 0x000001ecf2690580 DEOPT PACKING pc=0x000001ecdd7df71c sp=0x000000eab8afce40
Event: 8894.831 Thread 0x000001ecf2690580 DEOPT UNPACKING pc=0x000001ecdc84a5a3 sp=0x000000eab8afcd20 mode 2
Event: 8899.834 Thread 0x000001ecf05b85a0 Uncommon trap: trap_request=0xffffffde fr.pc=0x000001ecdda54e68 relative=0x00000000000003a8
Event: 8899.834 Thread 0x000001ecf05b85a0 Uncommon trap: reason=class_check action=maybe_recompile pc=0x000001ecdda54e68 method=java.util.Collections$SetFromMap.iterator()Ljava/util/Iterator; @ 4 c2
Event: 8899.834 Thread 0x000001ecf05b85a0 DEOPT PACKING pc=0x000001ecdda54e68 sp=0x000000eab5dff620
Event: 8899.834 Thread 0x000001ecf05b85a0 DEOPT UNPACKING pc=0x000001ecdc84a5a3 sp=0x000000eab5dff5f0 mode 2
Event: 8899.850 Thread 0x000001ecf05b5080 Uncommon trap: trap_request=0xffffffde fr.pc=0x000001ecdda54e68 relative=0x00000000000003a8
Event: 8899.850 Thread 0x000001ecf05b5080 Uncommon trap: reason=class_check action=maybe_recompile pc=0x000001ecdda54e68 method=java.util.Collections$SetFromMap.iterator()Ljava/util/Iterator; @ 4 c2
Event: 8899.850 Thread 0x000001ecf05b5080 DEOPT PACKING pc=0x000001ecdda54e68 sp=0x000000eab5eff1c0
Event: 8899.850 Thread 0x000001ecf05b5080 DEOPT UNPACKING pc=0x000001ecdc84a5a3 sp=0x000000eab5eff190 mode 2
Event: 8900.677 Thread 0x000001ecf2690ad0 DEOPT PACKING pc=0x000001ecd5cc1f47 sp=0x000000eab86fcb70
Event: 8900.677 Thread 0x000001ecf2690ad0 DEOPT UNPACKING pc=0x000001ecdc84b0e3 sp=0x000000eab86fbfb8 mode 0
Event: 8903.393 Thread 0x000001ecf2693000 Uncommon trap: trap_request=0xffffff45 fr.pc=0x000001ecddb3a458 relative=0x0000000000000138
Event: 8903.393 Thread 0x000001ecf2693000 Uncommon trap: reason=unstable_if action=reinterpret pc=0x000001ecddb3a458 method=org.apache.coyote.RequestInfo.updateCounters()V @ 110 c2
Event: 8903.393 Thread 0x000001ecf2693000 DEOPT PACKING pc=0x000001ecddb3a458 sp=0x000000eab84ff250
Event: 8903.393 Thread 0x000001ecf2693000 DEOPT UNPACKING pc=0x000001ecdc84a5a3 sp=0x000000eab84ff208 mode 2

Classes loaded (20 events):
Event: 1770.459 Loading class sun/security/ssl/Alert$AlertConsumer
Event: 1770.468 Loading class sun/security/ssl/Alert$AlertConsumer done
Event: 1770.468 Loading class sun/security/ssl/Alert$Level
Event: 1770.470 Loading class sun/security/ssl/Alert$Level done
Event: 1770.473 Loading class sun/net/ConnectionResetException
Event: 1770.476 Loading class sun/net/ConnectionResetException done
Event: 7289.525 Loading class java/util/concurrent/atomic/Striped64$Cell
Event: 7289.534 Loading class java/util/concurrent/atomic/Striped64$Cell done
Event: 8788.656 Loading class java/util/stream/ReferencePipeline$4
Event: 8788.662 Loading class java/util/stream/ReferencePipeline$4 done
Event: 8788.662 Loading class java/util/function/IntBinaryOperator
Event: 8788.664 Loading class java/util/function/IntBinaryOperator done
Event: 8788.664 Loading class java/util/stream/ReduceOps$7
Event: 8788.666 Loading class java/util/stream/ReduceOps$7 done
Event: 8788.666 Loading class java/util/stream/ReduceOps$6ReducingSink
Event: 8788.667 Loading class java/util/stream/ReduceOps$6ReducingSink done
Event: 8788.667 Loading class java/util/stream/ReferencePipeline$4$1
Event: 8788.669 Loading class java/util/stream/ReferencePipeline$4$1 done
Event: 8800.394 Loading class sun/util/locale/LocaleExtensions
Event: 8800.398 Loading class sun/util/locale/LocaleExtensions done

Classes unloaded (20 events):
Event: 7932.473 Thread 0x000001ecebec2470 Unloading class 0x0000000801081400 'java/lang/invoke/LambdaForm$MH+0x0000000801081400'
Event: 7932.473 Thread 0x000001ecebec2470 Unloading class 0x000000080101b800 'java/lang/invoke/LambdaForm$MH+0x000000080101b800'
Event: 7932.473 Thread 0x000001ecebec2470 Unloading class 0x000000080101b000 'java/lang/invoke/LambdaForm$MH+0x000000080101b000'
Event: 7932.473 Thread 0x000001ecebec2470 Unloading class 0x000000080101a800 'java/lang/invoke/LambdaForm$MH+0x000000080101a800'
Event: 7932.473 Thread 0x000001ecebec2470 Unloading class 0x000000080101a400 'java/lang/invoke/LambdaForm$MH+0x000000080101a400'
Event: 7932.473 Thread 0x000001ecebec2470 Unloading class 0x0000000801019400 'java/lang/invoke/LambdaForm$MH+0x0000000801019400'
Event: 7932.473 Thread 0x000001ecebec2470 Unloading class 0x0000000801018800 'java/lang/invoke/LambdaForm$MH+0x0000000801018800'
Event: 7932.473 Thread 0x000001ecebec2470 Unloading class 0x0000000801018400 'java/lang/invoke/LambdaForm$MH+0x0000000801018400'
Event: 7932.473 Thread 0x000001ecebec2470 Unloading class 0x0000000801017c00 'java/lang/invoke/LambdaForm$MH+0x0000000801017c00'
Event: 7932.473 Thread 0x000001ecebec2470 Unloading class 0x0000000801017800 'java/lang/invoke/LambdaForm$MH+0x0000000801017800'
Event: 7932.473 Thread 0x000001ecebec2470 Unloading class 0x0000000801017400 'java/lang/invoke/LambdaForm$MH+0x0000000801017400'
Event: 7932.473 Thread 0x000001ecebec2470 Unloading class 0x0000000801016800 'java/lang/invoke/LambdaForm$MH+0x0000000801016800'
Event: 7932.473 Thread 0x000001ecebec2470 Unloading class 0x0000000801015800 'java/lang/invoke/LambdaForm$MH+0x0000000801015800'
Event: 7932.473 Thread 0x000001ecebec2470 Unloading class 0x0000000801014c00 'java/lang/invoke/LambdaForm$MH+0x0000000801014c00'
Event: 7932.473 Thread 0x000001ecebec2470 Unloading class 0x0000000801014400 'java/lang/invoke/LambdaForm$MH+0x0000000801014400'
Event: 7932.473 Thread 0x000001ecebec2470 Unloading class 0x0000000801014000 'java/lang/invoke/LambdaForm$MH+0x0000000801014000'
Event: 7932.474 Thread 0x000001ecebec2470 Unloading class 0x0000000801002400 'java/lang/invoke/LambdaForm$MH+0x0000000801002400'
Event: 7932.474 Thread 0x000001ecebec2470 Unloading class 0x0000000801002000 'java/lang/invoke/LambdaForm$MH+0x0000000801002000'
Event: 7932.474 Thread 0x000001ecebec2470 Unloading class 0x0000000801001c00 'java/lang/invoke/LambdaForm$MH+0x0000000801001c00'
Event: 7932.474 Thread 0x000001ecebec2470 Unloading class 0x0000000801001400 'java/lang/invoke/LambdaForm$MH+0x0000000801001400'

Classes redefined (0 events):
No events

Internal exceptions (20 events):
Event: 5390.520 Thread 0x000001ecf051bc60 Implicit null exception at 0x000001ecdcfabd15 to 0x000001ecdcfabfa0
Event: 5391.514 Thread 0x000001ecf051bc60 Implicit null exception at 0x000001ecdcfabd15 to 0x000001ecdcfabfa0
Event: 7298.420 Thread 0x000001ecf2693000 Exception <a 'java/lang/NoSuchMethodError'{0x000000008b7c7a68}: 'java.lang.Object java.lang.invoke.DirectMethodHandle$Holder.invokeVirtual(java.lang.Object, java.lang.Object, int)'> (0x000000008b7c7a68) 
thrown [s\open\src\hotspot\share\interpreter\linkResolver.cpp, line 774]
Event: 7298.488 Thread 0x000001ecf2693000 Exception <a 'java/lang/NoSuchMethodError'{0x000000008b7e1170}: 'java.lang.Object java.lang.invoke.DirectMethodHandle$Holder.invokeInterface(java.lang.Object, java.lang.Object, java.lang.Object, java.lang.Object, java.lang.Object)'> (0x000000008b7e1170) 
thrown [s\open\src\hotspot\share\interpreter\linkResolver.cpp, line 774]
Event: 8015.088 Thread 0x000001ecf2691570 Implicit null exception at 0x000001ecdce59ad9 to 0x000001ecdce59b5c
Event: 8107.214 Thread 0x000001ecf2690ad0 Implicit null exception at 0x000001ecdcf32a92 to 0x000001ecdcf32d9c
Event: 8788.570 Thread 0x000001ecf2690580 Implicit null exception at 0x000001ecdcfae1f8 to 0x000001ecdcfae5f8
Event: 8788.570 Thread 0x000001ecf2690580 Implicit null exception at 0x000001ecdd0875b2 to 0x000001ecdd0879b5
Event: 8788.600 Thread 0x000001ecf2690580 Implicit null exception at 0x000001ecdd003613 to 0x000001ecdd00aed8
Event: 8788.613 Thread 0x000001ecf2690580 Implicit null exception at 0x000001ecdcf23d63 to 0x000001ecdcf23e35
Event: 8788.677 Thread 0x000001ecf2690580 Implicit null exception at 0x000001ecdcf1512b to 0x000001ecdcf19828
Event: 8788.680 Thread 0x000001ecf2690580 Implicit null exception at 0x000001ecdcf5f9f5 to 0x000001ecdcf60264
Event: 8788.681 Thread 0x000001ecf2690580 Implicit null exception at 0x000001ecdd1261c5 to 0x000001ecdd128228
Event: 8884.641 Thread 0x000001ecf05b5080 Implicit null exception at 0x000001ecdcf5ca43 to 0x000001ecdcf5da64
Event: 8884.641 Thread 0x000001ecf05b5080 Implicit null exception at 0x000001ecdd2e8f95 to 0x000001ecdd2e95d8
Event: 8884.656 Thread 0x000001ecf05b5080 Implicit null exception at 0x000001ecdd6871c2 to 0x000001ecdd688210
Event: 8884.658 Thread 0x000001ecf05b5080 Implicit null exception at 0x000001ecdd6871c2 to 0x000001ecdd688210
Event: 8884.658 Thread 0x000001ecf05b5080 Implicit null exception at 0x000001ecdd6871c2 to 0x000001ecdd688210
Event: 8884.659 Thread 0x000001ecf05b5080 Implicit null exception at 0x000001ecdd6871c2 to 0x000001ecdd688210
Event: 8894.829 Thread 0x000001ecf05b85a0 Exception <a 'java/io/IOException'{0x0000000089087c98}> (0x0000000089087c98) 
thrown [s\open\src\hotspot\share\prims\jni.cpp, line 517]

VM Operations (20 events):
Event: 8900.842 Executing VM operation: G1CollectForAllocation
Event: 8900.845 Executing VM operation: G1CollectForAllocation done
Event: 8900.875 Executing VM operation: G1PauseRemark
Event: 8900.879 Executing VM operation: G1PauseRemark done
Event: 8900.890 Executing VM operation: G1PauseCleanup
Event: 8900.891 Executing VM operation: G1PauseCleanup done
Event: 8902.906 Executing VM operation: Cleanup
Event: 8902.906 Executing VM operation: Cleanup done
Event: 8903.600 Executing VM operation: G1CollectForAllocation
Event: 8903.601 Executing VM operation: G1CollectForAllocation done
Event: 8904.574 Executing VM operation: G1CollectForAllocation
Event: 8904.576 Executing VM operation: G1CollectForAllocation done
Event: 8906.584 Executing VM operation: Cleanup
Event: 8906.584 Executing VM operation: Cleanup done
Event: 8906.864 Executing VM operation: G1CollectForAllocation
Event: 8906.866 Executing VM operation: G1CollectForAllocation done
Event: 8906.890 Executing VM operation: G1PauseRemark
Event: 8906.894 Executing VM operation: G1PauseRemark done
Event: 8906.907 Executing VM operation: G1PauseCleanup
Event: 8906.907 Executing VM operation: G1PauseCleanup done

Events (20 events):
Event: 8886.635 Thread 0x000001ecebef63f0 flushing nmethod 0x000001ecd6df0b90
Event: 8886.635 Thread 0x000001ecebef63f0 flushing nmethod 0x000001ecd6df4b90
Event: 8886.635 Thread 0x000001ecebef63f0 flushing nmethod 0x000001ecd6df5390
Event: 8886.635 Thread 0x000001ecebef63f0 flushing nmethod 0x000001ecd6df6d90
Event: 8886.635 Thread 0x000001ecebef63f0 flushing nmethod 0x000001ecd6df8310
Event: 8886.635 Thread 0x000001ecebef63f0 flushing nmethod 0x000001ecd6dfcb90
Event: 8886.635 Thread 0x000001ecebef63f0 flushing nmethod 0x000001ecd6dfd490
Event: 8886.635 Thread 0x000001ecebef63f0 flushing nmethod 0x000001ecd6e02c10
Event: 8886.635 Thread 0x000001ecebef63f0 flushing nmethod 0x000001ecd6e0a290
Event: 8886.635 Thread 0x000001ecebef63f0 flushing nmethod 0x000001ecd6e0be90
Event: 8886.635 Thread 0x000001ecebef63f0 flushing nmethod 0x000001ecd6e11310
Event: 8886.636 Thread 0x000001ecebef63f0 flushing nmethod 0x000001ecd6e4d090
Event: 8886.636 Thread 0x000001ecebef63f0 flushing nmethod 0x000001ecd6e59390
Event: 8886.636 Thread 0x000001ecebef63f0 flushing nmethod 0x000001ecd6e63990
Event: 8886.636 Thread 0x000001ecebef63f0 flushing nmethod 0x000001ecd6e64010
Event: 8886.636 Thread 0x000001ecebef63f0 flushing nmethod 0x000001ecd6e6ea90
Event: 8886.636 Thread 0x000001ecebef63f0 flushing nmethod 0x000001ecd6e7dd10
Event: 8886.636 Thread 0x000001ecebef63f0 flushing nmethod 0x000001ecd6e7e410
Event: 8899.835 Thread 0x000001ecf05b85a0 Thread exited: 0x000001ecf05b85a0
Event: 8899.851 Thread 0x000001ecf05b5080 Thread exited: 0x000001ecf05b5080


Dynamic libraries:
0x00007ff684ed0000 - 0x00007ff684ee0000 	C:\Program Files\Java\jdk-19\bin\java.exe
0x00007fff950f0000 - 0x00007fff95307000 	C:\WINDOWS\SYSTEM32\ntdll.dll
0x00007fff93fb0000 - 0x00007fff94074000 	C:\WINDOWS\System32\KERNEL32.DLL
0x00007fff92800000 - 0x00007fff92ba7000 	C:\WINDOWS\System32\KERNELBASE.dll
0x00007fff92cd0000 - 0x00007fff92de1000 	C:\WINDOWS\System32\ucrtbase.dll
0x00007fff8b120000 - 0x00007fff8b13b000 	C:\Program Files\Java\jdk-19\bin\VCRUNTIME140.dll
0x00007fff8b140000 - 0x00007fff8b158000 	C:\Program Files\Java\jdk-19\bin\jli.dll
0x00007fff94440000 - 0x00007fff944f2000 	C:\WINDOWS\System32\ADVAPI32.dll
0x00007fff93040000 - 0x00007fff930e7000 	C:\WINDOWS\System32\msvcrt.dll
0x00007fff92e20000 - 0x00007fff92ec8000 	C:\WINDOWS\System32\sechost.dll
0x00007fff927d0000 - 0x00007fff927f8000 	C:\WINDOWS\System32\bcrypt.dll
0x00007fff94080000 - 0x00007fff94195000 	C:\WINDOWS\System32\RPCRT4.dll
0x00007fff93830000 - 0x00007fff939de000 	C:\WINDOWS\System32\USER32.dll
0x00007fff92df0000 - 0x00007fff92e16000 	C:\WINDOWS\System32\win32u.dll
0x00007fff93800000 - 0x00007fff93829000 	C:\WINDOWS\System32\GDI32.dll
0x00007fff92bb0000 - 0x00007fff92cc9000 	C:\WINDOWS\System32\gdi32full.dll
0x00007fff92490000 - 0x00007fff9252a000 	C:\WINDOWS\System32\msvcp_win.dll
0x00007fff76050000 - 0x00007fff762e3000 	C:\WINDOWS\WinSxS\amd64_microsoft.windows.common-controls_6595b64144ccf1df_6.0.22621.3527_none_270e469b73872a76\COMCTL32.dll
0x00007fff92060000 - 0x00007fff9206a000 	C:\WINDOWS\SYSTEM32\VERSION.dll
0x00007fff93a60000 - 0x00007fff93a91000 	C:\WINDOWS\System32\IMM32.DLL
0x000000006fe40000 - 0x000000006fe4c000 	C:\Program Files (x86)\360\Total Security\safemon\SafeWrapper.dll
0x00007fff65700000 - 0x00007fff65792000 	C:\Program Files (x86)\360\Total Security\safemon\libzdtp64.dll
0x00007fff94500000 - 0x00007fff94d5c000 	C:\WINDOWS\System32\SHELL32.dll
0x00007fff930f0000 - 0x00007fff9314e000 	C:\WINDOWS\System32\SHLWAPI.dll
0x00007fff88030000 - 0x00007fff8803c000 	C:\Program Files\Java\jdk-19\bin\vcruntime140_1.dll
0x00007fff78460000 - 0x00007fff784ee000 	C:\Program Files\Java\jdk-19\bin\msvcp140.dll
0x00007fff11ff0000 - 0x00007fff12cb0000 	C:\Program Files\Java\jdk-19\bin\server\jvm.dll
0x00007fff715c0000 - 0x00007fff715c9000 	C:\WINDOWS\SYSTEM32\WSOCK32.dll
0x00007fff89d20000 - 0x00007fff89d54000 	C:\WINDOWS\SYSTEM32\WINMM.dll
0x00007fff95030000 - 0x00007fff950a1000 	C:\WINDOWS\System32\WS2_32.dll
0x00007fff913c0000 - 0x00007fff913d8000 	C:\WINDOWS\SYSTEM32\kernel.appcore.dll
0x00007fff88020000 - 0x00007fff8802a000 	C:\Program Files\Java\jdk-19\bin\jimage.dll
0x00007fff8ff10000 - 0x00007fff90142000 	C:\WINDOWS\SYSTEM32\DBGHELP.DLL
0x00007fff93c00000 - 0x00007fff93f88000 	C:\WINDOWS\System32\combase.dll
0x00007fff94360000 - 0x00007fff94437000 	C:\WINDOWS\System32\OLEAUT32.dll
0x00007fff6fb00000 - 0x00007fff6fb32000 	C:\WINDOWS\SYSTEM32\dbgcore.DLL
0x00007fff92410000 - 0x00007fff92489000 	C:\WINDOWS\System32\bcryptPrimitives.dll
0x00007fff739e0000 - 0x00007fff739ee000 	C:\Program Files\Java\jdk-19\bin\instrument.dll
0x00007fff87ff0000 - 0x00007fff88016000 	C:\Program Files\Java\jdk-19\bin\java.dll
0x00007fff78380000 - 0x00007fff78457000 	C:\Program Files\Java\jdk-19\bin\jsvml.dll
0x00007fff902e0000 - 0x00007fff90bd6000 	C:\WINDOWS\SYSTEM32\windows.storage.dll
0x00007fff901a0000 - 0x00007fff902de000 	C:\WINDOWS\SYSTEM32\wintypes.dll
0x00007fff94d60000 - 0x00007fff94e55000 	C:\WINDOWS\System32\SHCORE.dll
0x00007fff92340000 - 0x00007fff92361000 	C:\WINDOWS\SYSTEM32\profapi.dll
0x00007fff78320000 - 0x00007fff78338000 	C:\Program Files\Java\jdk-19\bin\zip.dll
0x00007fff78360000 - 0x00007fff78373000 	C:\Program Files\Java\jdk-19\bin\net.dll
0x00007fff8bc60000 - 0x00007fff8bd96000 	C:\WINDOWS\SYSTEM32\WINHTTP.dll
0x00007fff91830000 - 0x00007fff91899000 	C:\WINDOWS\system32\mswsock.dll
0x00007fff78340000 - 0x00007fff78356000 	C:\Program Files\Java\jdk-19\bin\nio.dll
0x00007fff64780000 - 0x00007fff6479a000 	C:\Program Files\JetBrains\IntelliJ IDEA Community Edition 2022.3.2\bin\breakgen64.dll
0x00007fff87fe0000 - 0x00007fff87fe8000 	C:\Program Files\Java\jdk-19\bin\extnet.dll
0x00007fff73590000 - 0x00007fff7359e000 	C:\Program Files\Java\jdk-19\bin\sunmscapi.dll
0x00007fff92660000 - 0x00007fff927c8000 	C:\WINDOWS\System32\CRYPT32.dll
0x00007fff91d40000 - 0x00007fff91d6e000 	C:\WINDOWS\SYSTEM32\ncrypt.dll
0x00007fff91d00000 - 0x00007fff91d37000 	C:\WINDOWS\SYSTEM32\NTASN1.dll
0x00007fff91a90000 - 0x00007fff91aab000 	C:\WINDOWS\SYSTEM32\CRYPTSP.dll
0x00007fff91320000 - 0x00007fff91355000 	C:\WINDOWS\system32\rsaenh.dll
0x00007fff91930000 - 0x00007fff91958000 	C:\WINDOWS\SYSTEM32\USERENV.dll
0x00007fff91ab0000 - 0x00007fff91abc000 	C:\WINDOWS\SYSTEM32\CRYPTBASE.dll
0x00007fff90e30000 - 0x00007fff90e5d000 	C:\WINDOWS\SYSTEM32\IPHLPAPI.DLL
0x00007fff92f90000 - 0x00007fff92f99000 	C:\WINDOWS\System32\NSI.dll
0x00007fff8b9f0000 - 0x00007fff8ba09000 	C:\WINDOWS\SYSTEM32\dhcpcsvc6.DLL
0x00007fff8b310000 - 0x00007fff8b32f000 	C:\WINDOWS\SYSTEM32\dhcpcsvc.DLL
0x00007fff90e60000 - 0x00007fff90f58000 	C:\WINDOWS\SYSTEM32\DNSAPI.dll
0x00007fff77760000 - 0x00007fff7776a000 	C:\Program Files\Java\jdk-19\bin\management.dll
0x00007fff76540000 - 0x00007fff7654b000 	C:\Program Files\Java\jdk-19\bin\management_ext.dll
0x00007fff94350000 - 0x00007fff94358000 	C:\WINDOWS\System32\PSAPI.DLL
0x0000000070100000 - 0x0000000070126000 	C:\Program Files\Bonjour\mdnsNSP.dll
0x00007fff8b2f0000 - 0x00007fff8b2fa000 	C:\Windows\System32\rasadhlp.dll
0x00007fff87d20000 - 0x00007fff87da3000 	C:\WINDOWS\System32\fwpuclnt.dll
0x00007fff78310000 - 0x00007fff78320000 	C:\Program Files\Java\jdk-19\bin\verify.dll
0x00007fff83830000 - 0x00007fff83838000 	C:\WINDOWS\system32\wshunix.dll

dbghelp: loaded successfully - version: 4.0.5 - missing functions: none
symbol engine: initialized successfully - sym options: 0x614 - pdb path: .;C:\Program Files\Java\jdk-19\bin;C:\WINDOWS\SYSTEM32;C:\WINDOWS\WinSxS\amd64_microsoft.windows.common-controls_6595b64144ccf1df_6.0.22621.3527_none_270e469b73872a76;C:\Program Files (x86)\360\Total Security\safemon;C:\Program Files\Java\jdk-19\bin\server;C:\Program Files\JetBrains\IntelliJ IDEA Community Edition 2022.3.2\bin;C:\Program Files\Bonjour

VM Arguments:
jvm_args: -javaagent:C:\Program Files\JetBrains\IntelliJ IDEA Community Edition 2022.3.2\lib\idea_rt.jar=56859:C:\Program Files\JetBrains\IntelliJ IDEA Community Edition 2022.3.2\bin -Dfile.encoding=UTF-8 -Dsun.stdout.encoding=UTF-8 -Dsun.stderr.encoding=UTF-8 
java_command: com.example.demo.DemoApplication
java_class_path (initial): C:\Users\Pooja\bookstore\backend\demo\target\classes;C:\Users\Pooja\.m2\repository\org\springframework\boot\spring-boot-starter-web\3.2.5\spring-boot-starter-web-3.2.5.jar;C:\Users\Pooja\.m2\repository\org\springframework\boot\spring-boot-starter\3.2.5\spring-boot-starter-3.2.5.jar;C:\Users\Pooja\.m2\repository\org\springframework\boot\spring-boot\3.2.5\spring-boot-3.2.5.jar;C:\Users\Pooja\.m2\repository\org\springframework\boot\spring-boot-autoconfigure\3.2.5\spring-boot-autoconfigure-3.2.5.jar;C:\Users\Pooja\.m2\repository\org\springframework\boot\spring-boot-starter-logging\3.2.5\spring-boot-starter-logging-3.2.5.jar;C:\Users\Pooja\.m2\repository\ch\qos\logback\logback-classic\1.4.14\logback-classic-1.4.14.jar;C:\Users\Pooja\.m2\repository\ch\qos\logback\logback-core\1.4.14\logback-core-1.4.14.jar;C:\Users\Pooja\.m2\repository\org\apache\logging\log4j\log4j-to-slf4j\2.21.1\log4j-to-slf4j-2.21.1.jar;C:\Users\Pooja\.m2\repository\org\apache\logging\log4j\log4j-api\2.21.1\log4j-api-2.21.1.jar;C:\Users\Pooja\.m2\repository\org\slf4j\jul-to-slf4j\2.0.13\jul-to-slf4j-2.0.13.jar;C:\Users\Pooja\.m2\repository\jakarta\annotation\jakarta.annotation-api\2.1.1\jakarta.annotation-api-2.1.1.jar;C:\Users\Pooja\.m2\repository\org\yaml\snakeyaml\2.2\snakeyaml-2.2.jar;C:\Users\Pooja\.m2\repository\org\springframework\boot\spring-boot-starter-json\3.2.5\spring-boot-starter-json-3.2.5.jar;C:\Users\Pooja\.m2\repository\com\fasterxml\jackson\datatype\jackson-datatype-jdk8\2.15.4\jackson-datatype-jdk8-2.15.4.jar;C:\Users\Pooja\.m2\repository\com\fasterxml\jackson\datatype\jackson-datatype-jsr310\2.15.4\jackson-datatype-jsr310-2.15.4.jar;C:\Users\Pooja\.m2\repository\com\fasterxml\jackson\module\jackson-module-parameter-names\2.15.4\jackson-module-parameter-names-2.15.4.jar;C:\Users\Pooja\.m2\repository\org\springframework\boot\spring-boot-starter-tomcat\3.2.5\spring-boot-starter-tomcat-3.2.5.jar;C:\Users\Pooja\.m2\repository\org\apache\tomcat\embed\tomcat-embed-core\10.1.20\tomcat-embed-core-10.1.20.jar;C:\Users\Pooja\.m2\repository\org\apache\tomcat\embed\tomcat-embed-websocket\10.1.20\tomcat-embed-websocket-10.1.20.jar;C:\Users\Pooja\.m2\repository\org\springframework\spring-web\6.1.6\spring-web-6.1.6.jar;C:\Users\Pooja\.m2\repository\org\springframework\spring-beans\6.1.6\spring-beans-6.1.6.jar;C:\Users\Pooja\.m2\repository\io\micrometer\micrometer-observation\1.12.5\micrometer-observation-1.12.5.jar;C:\Users\Pooja\.m2\repository\io\micrometer\micrometer-commons\1.12.5\micrometer-commons-1.12.5.jar;C:\Users\Pooja\.m2\repository\org\springframework\spring-webmvc\6.1.6\spring-webmvc-6.1.6.jar;C:\Users\Pooja\.m2\repository\org\springframework\spring-context\6.1.6\spring-context-6.1.6.jar;C:\Users\Pooja\.m2\repository\org\springframework\spring-expression\6.1.6\spring-expression-6.1.6.jar;C:\Users\Pooja\.m2\repository\org\springframework\boot\spring-boot-starter-data-jpa\3.2.5\spring-boot-starter-data-jpa-3.2.5.jar;C:\Users\Pooja\.m2\repository\org\springframework\boot\spring-boot-starter-aop\3.2.5\spring-boot-starter-aop-3.2.5.jar;C:\Users\Pooja\.m2\repository\org\aspectj\aspectjweaver\1.9.22\aspectjweaver-1.9.22.jar;C:\Users\Pooja\.m2\repository\org\springframework\boot\spring-boot-starter-jdbc\3.2.5\spring-boot-starter-jdbc-3.2.5.jar;C:\Users\Pooja\.m2\repository\com\zaxxer\HikariCP\5.0.1\HikariCP-5.0.1.jar;C:\Users\Pooja\.m2\repository\org\springframework\spring-jdbc\6.1.6\spring-jdbc-6.1.6.jar;C:\Users\Pooja\.m2\repository\org\hibernate\orm\hibernate-core\6.4.4.Final\hibernate-core-6.4.4.Final.jar;C:\Users\Pooja\.m2\repository\jakarta\persistence\jakarta.persistence-api\3.1.0\jakarta.persistence-api-3.1.0.jar;C:\Users\Pooja\.m2\repository\jakarta\transaction\jakarta.transaction-api\2.0.1\jakarta.transaction-api-2.0.1.jar;C:\Users\Pooja\.m2\repository\org\jboss\logging\jboss-logging\3.5.3.Final\jboss-logging-3.5.3.Final.jar;C:\Users\Pooja\.m2\repository\org\hibernate\common\hibernate-commons-annotations\6.0.6.Final\hibernate-commons-annotations-6.0.6.Final.jar;C:\Users\Pooja\.m2\repository\io\smallrye\jandex\3.1.2\jandex-3.1.2.jar;C:\Users\Pooja\.m2\repository\com\fasterxml\classmate\1.6.0\classmate-1.6.0.jar;C:\Users\Pooja\.m2\repository\net\bytebuddy\byte-buddy\1.14.13\byte-buddy-1.14.13.jar;C:\Users\Pooja\.m2\repository\org\glassfish\jaxb\jaxb-runtime\4.0.5\jaxb-runtime-4.0.5.jar;C:\Users\Pooja\.m2\repository\org\glassfish\jaxb\jaxb-core\4.0.5\jaxb-core-4.0.5.jar;C:\Users\Pooja\.m2\repository\org\glassfish\jaxb\txw2\4.0.5\txw2-4.0.5.jar;C:\Users\Pooja\.m2\repository\com\sun\istack\istack-commons-runtime\4.1.2\istack-commons-runtime-4.1.2.jar;C:\Users\Pooja\.m2\repository\jakarta\inject\jakarta.inject-api\2.0.1\jakarta.inject-api-2.0.1.jar;C:\Users\Pooja\.m2\repository\org\antlr\antlr4-runtime\4.13.0\antlr4-runtime-4.13.0.jar;C:\Users\Pooja\.m2\repository\org\springframework\data\spring-data-jpa\3.2.5\spring-data-jpa-3.2.5.jar;C:\Users\Pooja\.m2\repository\org\springframework\data\spring-data-commons\3.2.5\spring-data-commons-3.2.5.jar;C:\Users\Pooja\.m2\repository\org\springframework\spring-orm\6.1.6\spring-orm-6.1.6.jar;C:\Users\Pooja\.m2\repository\org\springframework\spring-tx\6.1.6\spring-tx-6.1.6.jar;C:\Users\Pooja\.m2\repository\org\slf4j\slf4j-api\2.0.13\slf4j-api-2.0.13.jar;C:\Users\Pooja\.m2\repository\org\springframework\spring-aspects\6.1.6\spring-aspects-6.1.6.jar;C:\Users\Pooja\.m2\repository\org\springframework\boot\spring-boot-starter-security\3.2.5\spring-boot-starter-security-3.2.5.jar;C:\Users\Pooja\.m2\repository\org\springframework\spring-aop\6.1.6\spring-aop-6.1.6.jar;C:\Users\Pooja\.m2\repository\org\springframework\security\spring-security-config\6.2.4\spring-security-config-6.2.4.jar;C:\Users\Pooja\.m2\repository\org\springframework\security\spring-security-core\6.2.4\spring-security-core-6.2.4.jar;C:\Users\Pooja\.m2\repository\org\springframework\security\spring-security-crypto\6.2.4\spring-security-crypto-6.2.4.jar;C:\Users\Pooja\.m2\repository\org\springframework\security\spring-security-web\6.2.4\spring-security-web-6.2.4.jar;C:\Users\Pooja\.m2\repository\com\mysql\mysql-connector-j\8.0.33\mysql-connector-j-8.0.33.jar;C:\Users\Pooja\.m2\repository\org\projectlombok\lombok\1.18.32\lombok-1.18.32.jar;C:\Users\Pooja\.m2\repository\jakarta\xml\bind\jakarta.xml.bind-api\4.0.2\jakarta.xml.bind-api-4.0.2.jar;C:\Users\Pooja\.m2\repository\jakarta\activation\jakarta.activation-api\2.1.3\jakarta.activation-api-2.1.3.jar;C:\Users\Pooja\.m2\repository\org\springframework\spring-core\6.1.6\spring-core-6.1.6.jar;C:\Users\Pooja\.m2\repository\org\springframework\spring-jcl\6.1.6\spring-jcl-6.1.6.jar;C:\Users\Pooja\.m2\repository\org\springframework\boot\spring-boot-starter-validation\3.2.5\spring-boot-starter-validation-3.2.5.jar;C:\Users\Pooja\.m2\repository\org\apache\tomcat\embed\tomcat-embed-el\10.1.20\tomcat-embed-el-10.1.20.jar;C:\Users\Pooja\.m2\repository\org\hibernate\validator\hibernate-validator\8.0.1.Final\hibernate-validator-8.0.1.Final.jar;C:\Users\Pooja\.m2\repository\jakarta\validation\jakarta.validation-api\3.0.2\jakarta.validation-api-3.0.2.jar;C:\Users\Pooja\.m2\repository\org\springframework\boot\spring-boot-starter-mail\3.2.5\spring-boot-starter-mail-3.2.5.jar;C:\Users\Pooja\.m2\repository\org\springframework\spring-context-support\6.1.6\spring-context-support-6.1.6.jar;C:\Users\Pooja\.m2\repository\org\eclipse\angus\jakarta.mail\2.0.3\jakarta.mail-2.0.3.jar;C:\Users\Pooja\.m2\repository\org\eclipse\angus\angus-activation\2.0.2\angus-activation-2.0.2.jar;C:\Users\Pooja\.m2\repository\io\jsonwebtoken\jjwt-api\0.11.2\jjwt-api-0.11.2.jar;C:\Users\Pooja\.m2\repository\io\jsonwebtoken\jjwt-impl\0.11.2\jjwt-impl-0.11.2.jar;C:\Users\Pooja\.m2\repository\io\jsonwebtoken\jjwt-jackson\0.11.2\jjwt-jackson-0.11.2.jar;C:\Users\Pooja\.m2\repository\com\fasterxml\jackson\core\jackson-databind\2.15.4\jackson-databind-2.15.4.jar;C:\Users\Pooja\.m2\repository\com\fasterxml\jackson\core\jackson-annotations\2.15.4\jackson-annotations-2.15.4.jar;C:\Users\Pooja\.m2\repository\com\fasterxml\jackson\core\jackson-core\2.15.4\jackson-core-2.15.4.jar
Launcher Type: SUN_STANDARD

[Global flags]
     intx CICompilerCount                          = 4                                         {product} {ergonomic}
     uint ConcGCThreads                            = 2                                         {product} {ergonomic}
     uint G1ConcRefinementThreads                  = 8                                         {product} {ergonomic}
   size_t G1HeapRegionSize                         = 1048576                                   {product} {ergonomic}
    uintx GCDrainStackTargetSize                   = 64                                        {product} {ergonomic}
   size_t InitialHeapSize                          = 132120576                                 {product} {ergonomic}
   size_t MarkStackSize                            = 4194304                                   {product} {ergonomic}
   size_t MaxHeapSize                              = 2086666240                                {product} {ergonomic}
   size_t MaxNewSize                               = 1251999744                                {product} {ergonomic}
   size_t MinHeapDeltaBytes                        = 1048576                                   {product} {ergonomic}
   size_t MinHeapSize                              = 8388608                                   {product} {ergonomic}
    uintx NonNMethodCodeHeapSize                   = 5839372                                {pd product} {ergonomic}
    uintx NonProfiledCodeHeapSize                  = 122909434                              {pd product} {ergonomic}
    uintx ProfiledCodeHeapSize                     = 122909434                              {pd product} {ergonomic}
    uintx ReservedCodeCacheSize                    = 251658240                              {pd product} {ergonomic}
     bool SegmentedCodeCache                       = true                                      {product} {ergonomic}
   size_t SoftMaxHeapSize                          = 2086666240                             {manageable} {ergonomic}
     bool UseCompressedClassPointers               = true                           {product lp64_product} {ergonomic}
     bool UseCompressedOops                        = true                           {product lp64_product} {ergonomic}
     bool UseG1GC                                  = true                                      {product} {ergonomic}
     bool UseLargePagesIndividualAllocation        = false                                  {pd product} {ergonomic}

Logging:
Log output configuration:
 #0: stdout all=warning uptime,level,tags foldmultilines=false
 #1: stderr all=off uptime,level,tags foldmultilines=false

Environment Variables:
PATH=C:\Program Files\Common Files\Oracle\Java\javapath;C:\WINDOWS\system32;C:\WINDOWS;C:\WINDOWS\System32\Wbem;C:\WINDOWS\System32\WindowsPowerShell\v1.0\;C:\WINDOWS\System32\OpenSSH\;C:\Program Files\MySQL\MySQL Server 5.5\bin;C:\Program Files\Git\cmd;C:\Users\Pooja\AppData\Roaming\nvm;C:\Program Files\nodejs;C:\Program Files\nodejs\;C:\Program Files\maven\bin;C:\Program Files\maven\apache-maven-3.9.6\bin;C:\Users\Pooja\AppData\Local\Programs\Python\Launcher\;C:\Users\Pooja\AppData\Local\Programs\Microsoft VS Code\bin;C:\Users\Pooja\AppData\Roaming\nvm;C:\Program Files\nodejs;C:\Users\Pooja\AppData\Roaming\npm;C:\Users\Pooja\AppData\Local\GitHubDesktop\bin
USERNAME=Pooja
OS=Windows_NT
PROCESSOR_IDENTIFIER=Intel64 Family 6 Model 140 Stepping 1, GenuineIntel
TMP=C:\Users\Pooja\AppData\Local\Temp
TEMP=C:\Users\Pooja\AppData\Local\Temp



---------------  S Y S T E M  ---------------

OS:
 Windows 11 , 64 bit Build 22621 (10.0.22621.3527)
OS uptime: 15 days 18:00 hours

CPU: total 8 (initial active 8) (4 cores per cpu, 2 threads per core) family 6 model 140 stepping 1 microcode 0x9a, cx8, cmov, fxsr, ht, mmx, 3dnowpref, sse, sse2, sse3, ssse3, sse4.1, sse4.2, popcnt, lzcnt, tsc, tscinvbit, avx, avx2, aes, erms, clmul, bmi1, bmi2, adx, avx512f, avx512dq, avx512cd, avx512bw, avx512vl, sha, fma, vzeroupper, avx512_vpopcntdq, avx512_vpclmulqdq, avx512_vaes, avx512_vnni, clflush, clflushopt, clwb, avx512_vbmi2, avx512_vbmi, rdtscp, rdpid, fsrm, gfni, avx512_bitalg

Memory: 4k page, system-wide physical 7959M (606M free)
TotalPageFile size 32535M (AvailPageFile size 0M)
current process WorkingSet (physical memory assigned to process): 273M, peak: 298M
current process commit charge ("private bytes"): 399M, peak: 450M

vm_info: Java HotSpot(TM) 64-Bit Server VM (19.0.2+7-44) for windows-amd64 JRE (19.0.2+7-44), built on 2022-11-30T18:02:09Z by "mach5one" with MS VC++ 17.1 (VS2022)

END.
